<?xml version="1.0" encoding="UTF-8"?>
<!-- Generated by org.testng.reporters.JUnitReportReporter -->
<testsuite hostname="SQS-LLC" failures="0" tests="2" name="AmeriQA.ExtentReport.ExtentReportDemo" time="37.814" errors="0" timestamp="2025-07-13T19:29:55 EDT" skipped="0">
  <testcase classname="AmeriQA.ExtentReport.ExtentReportDemo" name="successfulSubmitOrderValidation" time="17.082"/>
  <testcase classname="AmeriQA.ExtentReport.ExtentReportDemo" name="successfulSubmitOrderValidation" time="20.732"/>
</testsuite> <!-- AmeriQA.ExtentReport.ExtentReportDemo -->
