<?xml version="1.0" encoding="UTF-8"?>
<!-- Generated by org.testng.reporters.JUnitReportReporter -->
<testsuite hostname="SQS-LLC" failures="0" tests="4" name="ExtentReport.ExtentReportDemo" time="111.797" errors="0" timestamp="2025-07-24T22:18:48 EDT" skipped="0">
  <testcase classname="ExtentReport.ExtentReportDemo" name="successfulSubmitOrderValidation" time="24.678"/>
  <testcase classname="ExtentReport.ExtentReportDemo" name="successfulSubmitOrderValidation" time="32.254"/>
  <testcase classname="ExtentReport.ExtentReportDemo" name="torderExistsValidation" time="33.589"/>
  <testcase classname="ExtentReport.ExtentReportDemo" name="torderExistsValidation" time="21.276"/>
</testsuite> <!-- ExtentReport.ExtentReportDemo -->
