<?xml version="1.0" encoding="UTF-8"?>
<!-- Generated by org.testng.reporters.JUnitReportReporter -->
<testsuite hostname="SQS-LLC" failures="0" tests="2" name="cucumber.TestNGTestRunner" time="42.105" errors="0" timestamp="2025-07-24T19:53:40 EDT" skipped="0">
  <testcase classname="cucumber.TestNGTestRunner" name="runScenario" time="19.817"/>
  <testcase classname="cucumber.TestNGTestRunner" name="runScenario" time="22.288"/>
</testsuite> <!-- cucumber.TestNGTestRunner -->
