<?xml version="1.0" encoding="UTF-8"?>
<!-- Generated by org.testng.reporters.JUnitReportReporter -->
<testsuite hostname="SQS-LLC" failures="0" tests="2" name="ExtentReport.ERStandAloneTest" time="68.369" errors="0" timestamp="2025-07-24T22:18:48 EDT" skipped="0">
  <testcase classname="ExtentReport.ERStandAloneTest" name="standAloneTest" time="47.428"/>
  <testcase classname="ExtentReport.ERStandAloneTest" name="standAloneTest" time="20.941"/>
</testsuite> <!-- ExtentReport.ERStandAloneTest -->
