<?xml version="1.0" encoding="UTF-8"?>
<!-- Generated by org.testng.reporters.JUnitReportReporter -->
<testsuite hostname="SQS-LLC" failures="0" tests="1" name="simplePackage.SimpleReportClass" time="30.348" errors="0" timestamp="2025-07-25T13:14:54 EDT" skipped="0">
  <testcase classname="simplePackage.SimpleReportClass" name="reportDemo" time="30.348"/>
</testsuite> <!-- simplePackage.SimpleReportClass -->
