<?xml version="1.0" encoding="UTF-8"?>
<!-- Generated by org.testng.reporters.JUnitReportReporter -->
<testsuite hostname="SQS-LLC" failures="0" tests="1" name="simplePackage.ReportClass" time="17.936" errors="0" timestamp="2025-07-13T18:28:33 EDT" skipped="0">
  <testcase classname="simplePackage.ReportClass" name="reportDemo" time="17.936"/>
</testsuite> <!-- simplePackage.ReportClass -->
